2024/04/04 21:50:34 [emerg] 1#1: host not found in upstream "app" in /etc/nginx/conf.d/default.conf:9
2024/04/04 21:51:25 [emerg] 1#1: host not found in upstream "app" in /etc/nginx/conf.d/default.conf:9
2024/04/04 21:52:24 [notice] 1#1: using the "epoll" event method
2024/04/04 21:52:24 [notice] 1#1: nginx/1.25.4
2024/04/04 21:52:24 [notice] 1#1: built by gcc 12.2.0 (Debian 12.2.0-14) 
2024/04/04 21:52:24 [notice] 1#1: OS: Linux 6.5.0-26-generic
2024/04/04 21:52:24 [notice] 1#1: getrlimit(RLIMIT_NOFILE): 1048576:1048576
2024/04/04 21:52:24 [notice] 1#1: start worker processes
2024/04/04 21:52:24 [notice] 1#1: start worker process 28
2024/04/04 21:52:24 [notice] 1#1: start worker process 29
2024/04/04 21:52:24 [notice] 1#1: start worker process 30
2024/04/04 21:52:24 [notice] 1#1: start worker process 31
2024/04/04 21:52:24 [notice] 1#1: start worker process 32
2024/04/04 21:52:24 [notice] 1#1: start worker process 33
2024/04/04 21:52:24 [notice] 1#1: start worker process 34
2024/04/04 21:52:24 [notice] 1#1: start worker process 35
2024/04/04 21:52:24 [notice] 1#1: start worker process 36
2024/04/04 21:52:24 [notice] 1#1: start worker process 37
2024/04/04 21:52:24 [notice] 1#1: start worker process 38
2024/04/04 21:52:24 [notice] 1#1: start worker process 39
2024/04/04 21:52:24 [notice] 1#1: start worker process 40
2024/04/04 21:52:24 [notice] 1#1: start worker process 41
2024/04/04 21:52:24 [notice] 1#1: start worker process 42
2024/04/04 21:52:24 [notice] 1#1: start worker process 43
2024/04/04 21:52:29 [notice] 1#1: signal 3 (SIGQUIT) received, shutting down
2024/04/04 21:52:29 [notice] 29#29: gracefully shutting down
2024/04/04 21:52:29 [notice] 40#40: gracefully shutting down
2024/04/04 21:52:29 [notice] 28#28: gracefully shutting down
2024/04/04 21:52:29 [notice] 41#41: gracefully shutting down
2024/04/04 21:52:29 [notice] 30#30: gracefully shutting down
2024/04/04 21:52:29 [notice] 39#39: gracefully shutting down
2024/04/04 21:52:29 [notice] 31#31: gracefully shutting down
2024/04/04 21:52:29 [notice] 38#38: gracefully shutting down
2024/04/04 21:52:29 [notice] 34#34: gracefully shutting down
2024/04/04 21:52:29 [notice] 43#43: gracefully shutting down
2024/04/04 21:52:29 [notice] 29#29: exiting
2024/04/04 21:52:29 [notice] 32#32: gracefully shutting down
2024/04/04 21:52:29 [notice] 40#40: exiting
2024/04/04 21:52:29 [notice] 28#28: exiting
2024/04/04 21:52:29 [notice] 33#33: gracefully shutting down
2024/04/04 21:52:29 [notice] 41#41: exiting
2024/04/04 21:52:29 [notice] 30#30: exiting
2024/04/04 21:52:29 [notice] 35#35: gracefully shutting down
2024/04/04 21:52:29 [notice] 39#39: exiting
2024/04/04 21:52:29 [notice] 31#31: exiting
2024/04/04 21:52:29 [notice] 38#38: exiting
2024/04/04 21:52:29 [notice] 34#34: exiting
2024/04/04 21:52:29 [notice] 43#43: exiting
2024/04/04 21:52:29 [notice] 32#32: exiting
2024/04/04 21:52:29 [notice] 29#29: exit
2024/04/04 21:52:29 [notice] 40#40: exit
2024/04/04 21:52:29 [notice] 28#28: exit
2024/04/04 21:52:29 [notice] 35#35: exiting
2024/04/04 21:52:29 [notice] 41#41: exit
2024/04/04 21:52:29 [notice] 30#30: exit
2024/04/04 21:52:29 [notice] 31#31: exit
2024/04/04 21:52:29 [notice] 39#39: exit
2024/04/04 21:52:29 [notice] 34#34: exit
2024/04/04 21:52:29 [notice] 32#32: exit
2024/04/04 21:52:29 [notice] 43#43: exit
2024/04/04 21:52:29 [notice] 33#33: exiting
2024/04/04 21:52:29 [notice] 38#38: exit
2024/04/04 21:52:29 [notice] 35#35: exit
2024/04/04 21:52:29 [notice] 36#36: gracefully shutting down
2024/04/04 21:52:29 [notice] 33#33: exit
2024/04/04 21:52:29 [notice] 36#36: exiting
2024/04/04 21:52:29 [notice] 36#36: exit
2024/04/04 21:52:29 [notice] 37#37: gracefully shutting down
2024/04/04 21:52:29 [notice] 37#37: exiting
2024/04/04 21:52:29 [notice] 42#42: gracefully shutting down
2024/04/04 21:52:29 [notice] 42#42: exiting
2024/04/04 21:52:29 [notice] 42#42: exit
2024/04/04 21:52:29 [notice] 37#37: exit
2024/04/04 21:52:29 [notice] 1#1: signal 17 (SIGCHLD) received from 37
2024/04/04 21:52:29 [notice] 1#1: worker process 37 exited with code 0
2024/04/04 21:52:29 [notice] 1#1: worker process 34 exited with code 0
2024/04/04 21:52:29 [notice] 1#1: worker process 28 exited with code 0
2024/04/04 21:52:29 [notice] 1#1: worker process 39 exited with code 0
2024/04/04 21:52:29 [notice] 1#1: signal 29 (SIGIO) received
2024/04/04 21:52:29 [notice] 1#1: signal 17 (SIGCHLD) received from 34
2024/04/04 21:52:29 [notice] 1#1: worker process 31 exited with code 0
2024/04/04 21:52:29 [notice] 1#1: signal 29 (SIGIO) received
2024/04/04 21:52:29 [notice] 1#1: signal 17 (SIGCHLD) received from 35
2024/04/04 21:52:29 [notice] 1#1: worker process 35 exited with code 0
2024/04/04 21:52:29 [notice] 1#1: worker process 38 exited with code 0
2024/04/04 21:52:29 [notice] 1#1: signal 29 (SIGIO) received
2024/04/04 21:52:29 [notice] 1#1: signal 17 (SIGCHLD) received from 33
2024/04/04 21:52:29 [notice] 1#1: worker process 33 exited with code 0
2024/04/04 21:52:29 [notice] 1#1: signal 29 (SIGIO) received
2024/04/04 21:52:29 [notice] 1#1: signal 17 (SIGCHLD) received from 29
2024/04/04 21:52:29 [notice] 1#1: worker process 29 exited with code 0
2024/04/04 21:52:29 [notice] 1#1: signal 29 (SIGIO) received
2024/04/04 21:52:29 [notice] 1#1: signal 17 (SIGCHLD) received from 41
2024/04/04 21:52:29 [notice] 1#1: worker process 40 exited with code 0
2024/04/04 21:52:29 [notice] 1#1: worker process 41 exited with code 0
2024/04/04 21:52:29 [notice] 1#1: signal 29 (SIGIO) received
2024/04/04 21:52:29 [notice] 1#1: signal 17 (SIGCHLD) received from 40
2024/04/04 21:52:29 [notice] 1#1: signal 17 (SIGCHLD) received from 32
2024/04/04 21:52:29 [notice] 1#1: worker process 32 exited with code 0
2024/04/04 21:52:29 [notice] 1#1: signal 29 (SIGIO) received
2024/04/04 21:52:29 [notice] 1#1: signal 17 (SIGCHLD) received from 36
2024/04/04 21:52:29 [notice] 1#1: worker process 36 exited with code 0
2024/04/04 21:52:29 [notice] 1#1: signal 29 (SIGIO) received
2024/04/04 21:52:29 [notice] 1#1: signal 17 (SIGCHLD) received from 43
2024/04/04 21:52:29 [notice] 1#1: worker process 43 exited with code 0
2024/04/04 21:52:29 [notice] 1#1: signal 29 (SIGIO) received
2024/04/04 21:52:29 [notice] 1#1: signal 17 (SIGCHLD) received from 42
2024/04/04 21:52:29 [notice] 1#1: worker process 42 exited with code 0
2024/04/04 21:52:29 [notice] 1#1: worker process 30 exited with code 0
2024/04/04 21:52:29 [notice] 1#1: exit
2024/04/04 21:52:50 [notice] 1#1: using the "epoll" event method
2024/04/04 21:52:50 [notice] 1#1: nginx/1.25.4
2024/04/04 21:52:50 [notice] 1#1: built by gcc 12.2.0 (Debian 12.2.0-14) 
2024/04/04 21:52:50 [notice] 1#1: OS: Linux 6.5.0-26-generic
2024/04/04 21:52:50 [notice] 1#1: getrlimit(RLIMIT_NOFILE): 1048576:1048576
2024/04/04 21:52:50 [notice] 1#1: start worker processes
2024/04/04 21:52:50 [notice] 1#1: start worker process 28
2024/04/04 21:52:50 [notice] 1#1: start worker process 29
2024/04/04 21:52:50 [notice] 1#1: start worker process 30
2024/04/04 21:52:50 [notice] 1#1: start worker process 31
2024/04/04 21:52:50 [notice] 1#1: start worker process 32
2024/04/04 21:52:50 [notice] 1#1: start worker process 33
2024/04/04 21:52:50 [notice] 1#1: start worker process 34
2024/04/04 21:52:50 [notice] 1#1: start worker process 35
2024/04/04 21:52:50 [notice] 1#1: start worker process 36
2024/04/04 21:52:50 [notice] 1#1: start worker process 37
2024/04/04 21:52:50 [notice] 1#1: start worker process 38
2024/04/04 21:52:50 [notice] 1#1: start worker process 39
2024/04/04 21:52:50 [notice] 1#1: start worker process 40
2024/04/04 21:52:50 [notice] 1#1: start worker process 41
2024/04/04 21:52:50 [notice] 1#1: start worker process 42
2024/04/04 21:52:50 [notice] 1#1: start worker process 43
2024/04/04 22:00:09 [notice] 1#1: signal 3 (SIGQUIT) received, shutting down
2024/04/04 22:00:09 [notice] 28#28: gracefully shutting down
2024/04/04 22:00:09 [notice] 29#29: gracefully shutting down
2024/04/04 22:00:09 [notice] 30#30: gracefully shutting down
2024/04/04 22:00:09 [notice] 31#31: gracefully shutting down
2024/04/04 22:00:09 [notice] 34#34: gracefully shutting down
2024/04/04 22:00:09 [notice] 28#28: exiting
2024/04/04 22:00:09 [notice] 32#32: gracefully shutting down
2024/04/04 22:00:09 [notice] 29#29: exiting
2024/04/04 22:00:09 [notice] 33#33: gracefully shutting down
2024/04/04 22:00:09 [notice] 35#35: gracefully shutting down
2024/04/04 22:00:09 [notice] 36#36: gracefully shutting down
2024/04/04 22:00:09 [notice] 30#30: exiting
2024/04/04 22:00:09 [notice] 40#40: gracefully shutting down
2024/04/04 22:00:09 [notice] 37#37: gracefully shutting down
2024/04/04 22:00:09 [notice] 39#39: gracefully shutting down
2024/04/04 22:00:09 [notice] 31#31: exiting
2024/04/04 22:00:09 [notice] 38#38: gracefully shutting down
2024/04/04 22:00:09 [notice] 34#34: exiting
2024/04/04 22:00:09 [notice] 32#32: exiting
2024/04/04 22:00:09 [notice] 28#28: exit
2024/04/04 22:00:09 [notice] 33#33: exiting
2024/04/04 22:00:09 [notice] 35#35: exiting
2024/04/04 22:00:09 [notice] 36#36: exiting
2024/04/04 22:00:09 [notice] 29#29: exit
2024/04/04 22:00:09 [notice] 40#40: exiting
2024/04/04 22:00:09 [notice] 37#37: exiting
2024/04/04 22:00:09 [notice] 30#30: exit
2024/04/04 22:00:09 [notice] 39#39: exiting
2024/04/04 22:00:09 [notice] 38#38: exiting
2024/04/04 22:00:09 [notice] 31#31: exit
2024/04/04 22:00:09 [notice] 34#34: exit
2024/04/04 22:00:09 [notice] 37#37: exit
2024/04/04 22:00:09 [notice] 33#33: exit
2024/04/04 22:00:09 [notice] 32#32: exit
2024/04/04 22:00:09 [notice] 35#35: exit
2024/04/04 22:00:09 [notice] 36#36: exit
2024/04/04 22:00:09 [notice] 40#40: exit
2024/04/04 22:00:09 [notice] 38#38: exit
2024/04/04 22:00:09 [notice] 39#39: exit
2024/04/04 22:00:09 [notice] 41#41: gracefully shutting down
2024/04/04 22:00:09 [notice] 41#41: exiting
2024/04/04 22:00:09 [notice] 41#41: exit
2024/04/04 22:00:09 [notice] 42#42: gracefully shutting down
2024/04/04 22:00:09 [notice] 42#42: exiting
2024/04/04 22:00:09 [notice] 42#42: exit
2024/04/04 22:00:09 [notice] 43#43: gracefully shutting down
2024/04/04 22:00:09 [notice] 43#43: exiting
2024/04/04 22:00:09 [notice] 43#43: exit
2024/04/04 22:00:09 [notice] 1#1: signal 17 (SIGCHLD) received from 31
2024/04/04 22:00:09 [notice] 1#1: worker process 31 exited with code 0
2024/04/04 22:00:09 [notice] 1#1: signal 29 (SIGIO) received
2024/04/04 22:00:09 [notice] 1#1: signal 17 (SIGCHLD) received from 33
2024/04/04 22:00:09 [notice] 1#1: worker process 33 exited with code 0
2024/04/04 22:00:09 [notice] 1#1: signal 29 (SIGIO) received
2024/04/04 22:00:09 [notice] 1#1: signal 17 (SIGCHLD) received from 40
2024/04/04 22:00:09 [notice] 1#1: worker process 40 exited with code 0
2024/04/04 22:00:09 [notice] 1#1: worker process 29 exited with code 0
2024/04/04 22:00:09 [notice] 1#1: worker process 38 exited with code 0
2024/04/04 22:00:09 [notice] 1#1: signal 29 (SIGIO) received
2024/04/04 22:00:09 [notice] 1#1: signal 17 (SIGCHLD) received from 38
2024/04/04 22:00:09 [notice] 1#1: worker process 36 exited with code 0
2024/04/04 22:00:09 [notice] 1#1: signal 29 (SIGIO) received
2024/04/04 22:00:09 [notice] 1#1: signal 17 (SIGCHLD) received from 35
2024/04/04 22:00:09 [notice] 1#1: worker process 35 exited with code 0
2024/04/04 22:00:09 [notice] 1#1: worker process 42 exited with code 0
2024/04/04 22:00:09 [notice] 1#1: signal 29 (SIGIO) received
2024/04/04 22:00:09 [notice] 1#1: signal 17 (SIGCHLD) received from 42
2024/04/04 22:00:09 [notice] 1#1: signal 17 (SIGCHLD) received from 28
2024/04/04 22:00:09 [notice] 1#1: worker process 28 exited with code 0
2024/04/04 22:00:09 [notice] 1#1: signal 29 (SIGIO) received
2024/04/04 22:00:09 [notice] 1#1: signal 17 (SIGCHLD) received from 41
2024/04/04 22:00:09 [notice] 1#1: worker process 41 exited with code 0
2024/04/04 22:00:09 [notice] 1#1: signal 29 (SIGIO) received
2024/04/04 22:00:09 [notice] 1#1: signal 17 (SIGCHLD) received from 39
2024/04/04 22:00:09 [notice] 1#1: worker process 39 exited with code 0
2024/04/04 22:00:09 [notice] 1#1: signal 29 (SIGIO) received
2024/04/04 22:00:09 [notice] 1#1: signal 17 (SIGCHLD) received from 34
2024/04/04 22:00:09 [notice] 1#1: worker process 34 exited with code 0
2024/04/04 22:00:09 [notice] 1#1: signal 29 (SIGIO) received
2024/04/04 22:00:09 [notice] 1#1: signal 17 (SIGCHLD) received from 30
2024/04/04 22:00:09 [notice] 1#1: worker process 30 exited with code 0
2024/04/04 22:00:09 [notice] 1#1: signal 29 (SIGIO) received
2024/04/04 22:00:09 [notice] 1#1: signal 17 (SIGCHLD) received from 43
2024/04/04 22:00:09 [notice] 1#1: worker process 43 exited with code 0
2024/04/04 22:00:09 [notice] 1#1: signal 29 (SIGIO) received
2024/04/04 22:00:09 [notice] 1#1: signal 17 (SIGCHLD) received from 37
2024/04/04 22:00:09 [notice] 1#1: worker process 37 exited with code 0
2024/04/04 22:00:09 [notice] 1#1: signal 29 (SIGIO) received
2024/04/04 22:00:09 [notice] 1#1: signal 17 (SIGCHLD) received from 32
2024/04/04 22:00:09 [notice] 1#1: worker process 32 exited with code 0
2024/04/04 22:00:09 [notice] 1#1: exit
2024/04/04 22:00:19 [notice] 1#1: using the "epoll" event method
2024/04/04 22:00:19 [notice] 1#1: nginx/1.25.4
2024/04/04 22:00:19 [notice] 1#1: built by gcc 12.2.0 (Debian 12.2.0-14) 
2024/04/04 22:00:19 [notice] 1#1: OS: Linux 6.5.0-26-generic
2024/04/04 22:00:19 [notice] 1#1: getrlimit(RLIMIT_NOFILE): 1048576:1048576
2024/04/04 22:00:19 [notice] 1#1: start worker processes
2024/04/04 22:00:19 [notice] 1#1: start worker process 28
2024/04/04 22:00:19 [notice] 1#1: start worker process 29
2024/04/04 22:00:19 [notice] 1#1: start worker process 30
2024/04/04 22:00:19 [notice] 1#1: start worker process 31
2024/04/04 22:00:19 [notice] 1#1: start worker process 32
2024/04/04 22:00:19 [notice] 1#1: start worker process 33
2024/04/04 22:00:19 [notice] 1#1: start worker process 34
2024/04/04 22:00:19 [notice] 1#1: start worker process 35
2024/04/04 22:00:19 [notice] 1#1: start worker process 36
2024/04/04 22:00:19 [notice] 1#1: start worker process 37
2024/04/04 22:00:19 [notice] 1#1: start worker process 38
2024/04/04 22:00:19 [notice] 1#1: start worker process 39
2024/04/04 22:00:19 [notice] 1#1: start worker process 40
2024/04/04 22:00:19 [notice] 1#1: start worker process 41
2024/04/04 22:00:19 [notice] 1#1: start worker process 42
2024/04/04 22:00:19 [notice] 1#1: start worker process 43
2024/04/04 22:25:21 [notice] 1#1: signal 3 (SIGQUIT) received, shutting down
2024/04/04 22:25:21 [notice] 29#29: gracefully shutting down
2024/04/04 22:25:21 [notice] 28#28: gracefully shutting down
2024/04/04 22:25:21 [notice] 31#31: gracefully shutting down
2024/04/04 22:25:21 [notice] 32#32: gracefully shutting down
2024/04/04 22:25:21 [notice] 30#30: gracefully shutting down
2024/04/04 22:25:21 [notice] 33#33: gracefully shutting down
2024/04/04 22:25:21 [notice] 29#29: exiting
2024/04/04 22:25:21 [notice] 34#34: gracefully shutting down
2024/04/04 22:25:21 [notice] 37#37: gracefully shutting down
2024/04/04 22:25:21 [notice] 38#38: gracefully shutting down
2024/04/04 22:25:21 [notice] 28#28: exiting
2024/04/04 22:25:21 [notice] 36#36: gracefully shutting down
2024/04/04 22:25:21 [notice] 35#35: gracefully shutting down
2024/04/04 22:25:21 [notice] 31#31: exiting
2024/04/04 22:25:21 [notice] 36#36: exiting
2024/04/04 22:25:21 [notice] 39#39: gracefully shutting down
2024/04/04 22:25:21 [notice] 32#32: exiting
2024/04/04 22:25:21 [notice] 30#30: exiting
2024/04/04 22:25:21 [notice] 40#40: gracefully shutting down
2024/04/04 22:25:21 [notice] 33#33: exiting
2024/04/04 22:25:21 [notice] 34#34: exiting
2024/04/04 22:25:21 [notice] 37#37: exiting
2024/04/04 22:25:21 [notice] 38#38: exiting
2024/04/04 22:25:21 [notice] 29#29: exit
2024/04/04 22:25:21 [notice] 35#35: exiting
2024/04/04 22:25:21 [notice] 39#39: exiting
2024/04/04 22:25:21 [notice] 28#28: exit
2024/04/04 22:25:21 [notice] 40#40: exiting
2024/04/04 22:25:21 [notice] 31#31: exit
2024/04/04 22:25:21 [notice] 32#32: exit
2024/04/04 22:25:21 [notice] 36#36: exit
2024/04/04 22:25:21 [notice] 38#38: exit
2024/04/04 22:25:21 [notice] 30#30: exit
2024/04/04 22:25:21 [notice] 34#34: exit
2024/04/04 22:25:21 [notice] 33#33: exit
2024/04/04 22:25:21 [notice] 37#37: exit
2024/04/04 22:25:21 [notice] 39#39: exit
2024/04/04 22:25:21 [notice] 35#35: exit
2024/04/04 22:25:21 [notice] 40#40: exit
2024/04/04 22:25:21 [notice] 41#41: gracefully shutting down
2024/04/04 22:25:21 [notice] 41#41: exiting
2024/04/04 22:25:21 [notice] 42#42: gracefully shutting down
2024/04/04 22:25:21 [notice] 42#42: exiting
2024/04/04 22:25:21 [notice] 41#41: exit
2024/04/04 22:25:21 [notice] 42#42: exit
2024/04/04 22:25:21 [notice] 43#43: gracefully shutting down
2024/04/04 22:25:21 [notice] 43#43: exiting
2024/04/04 22:25:21 [notice] 43#43: exit
2024/04/04 22:25:21 [notice] 1#1: signal 17 (SIGCHLD) received from 30
2024/04/04 22:25:21 [notice] 1#1: worker process 30 exited with code 0
2024/04/04 22:25:21 [notice] 1#1: worker process 35 exited with code 0
2024/04/04 22:25:21 [notice] 1#1: worker process 40 exited with code 0
2024/04/04 22:25:21 [notice] 1#1: signal 29 (SIGIO) received
2024/04/04 22:25:21 [notice] 1#1: signal 17 (SIGCHLD) received from 40
2024/04/04 22:25:21 [notice] 1#1: signal 17 (SIGCHLD) received from 41
2024/04/04 22:25:21 [notice] 1#1: worker process 41 exited with code 0
2024/04/04 22:25:21 [notice] 1#1: signal 29 (SIGIO) received
2024/04/04 22:25:21 [notice] 1#1: signal 17 (SIGCHLD) received from 38
2024/04/04 22:25:21 [notice] 1#1: worker process 38 exited with code 0
2024/04/04 22:25:21 [notice] 1#1: worker process 39 exited with code 0
2024/04/04 22:25:21 [notice] 1#1: signal 29 (SIGIO) received
2024/04/04 22:25:21 [notice] 1#1: signal 17 (SIGCHLD) received from 39
2024/04/04 22:25:21 [notice] 1#1: worker process 42 exited with code 0
2024/04/04 22:25:21 [notice] 1#1: signal 29 (SIGIO) received
2024/04/04 22:25:21 [notice] 1#1: signal 17 (SIGCHLD) received from 32
2024/04/04 22:25:21 [notice] 1#1: worker process 32 exited with code 0
2024/04/04 22:25:21 [notice] 1#1: signal 29 (SIGIO) received
2024/04/04 22:25:21 [notice] 1#1: signal 17 (SIGCHLD) received from 34
2024/04/04 22:25:21 [notice] 1#1: worker process 34 exited with code 0
2024/04/04 22:25:21 [notice] 1#1: signal 29 (SIGIO) received
2024/04/04 22:25:21 [notice] 1#1: signal 17 (SIGCHLD) received from 37
2024/04/04 22:25:21 [notice] 1#1: worker process 37 exited with code 0
2024/04/04 22:25:21 [notice] 1#1: signal 29 (SIGIO) received
2024/04/04 22:25:21 [notice] 1#1: signal 17 (SIGCHLD) received from 31
2024/04/04 22:25:21 [notice] 1#1: worker process 31 exited with code 0
2024/04/04 22:25:21 [notice] 1#1: signal 29 (SIGIO) received
2024/04/04 22:25:21 [notice] 1#1: signal 17 (SIGCHLD) received from 33
2024/04/04 22:25:21 [notice] 1#1: worker process 28 exited with code 0
2024/04/04 22:25:21 [notice] 1#1: worker process 33 exited with code 0
2024/04/04 22:25:21 [notice] 1#1: worker process 43 exited with code 0
2024/04/04 22:25:21 [notice] 1#1: signal 29 (SIGIO) received
2024/04/04 22:25:21 [notice] 1#1: signal 17 (SIGCHLD) received from 43
2024/04/04 22:25:21 [notice] 1#1: signal 17 (SIGCHLD) received from 29
2024/04/04 22:25:21 [notice] 1#1: worker process 29 exited with code 0
2024/04/04 22:25:21 [notice] 1#1: signal 29 (SIGIO) received
2024/04/04 22:25:21 [notice] 1#1: signal 17 (SIGCHLD) received from 36
2024/04/04 22:25:21 [notice] 1#1: worker process 36 exited with code 0
2024/04/04 22:25:21 [notice] 1#1: exit
2024/04/04 22:26:30 [notice] 1#1: using the "epoll" event method
2024/04/04 22:26:30 [notice] 1#1: nginx/1.25.4
2024/04/04 22:26:30 [notice] 1#1: built by gcc 12.2.0 (Debian 12.2.0-14) 
2024/04/04 22:26:30 [notice] 1#1: OS: Linux 6.5.0-26-generic
2024/04/04 22:26:30 [notice] 1#1: getrlimit(RLIMIT_NOFILE): 1048576:1048576
2024/04/04 22:26:30 [notice] 1#1: start worker processes
2024/04/04 22:26:30 [notice] 1#1: start worker process 28
2024/04/04 22:26:30 [notice] 1#1: start worker process 29
2024/04/04 22:26:30 [notice] 1#1: start worker process 30
2024/04/04 22:26:30 [notice] 1#1: start worker process 31
2024/04/04 22:26:30 [notice] 1#1: start worker process 32
2024/04/04 22:26:30 [notice] 1#1: start worker process 33
2024/04/04 22:26:30 [notice] 1#1: start worker process 34
2024/04/04 22:26:30 [notice] 1#1: start worker process 35
2024/04/04 22:26:30 [notice] 1#1: start worker process 36
2024/04/04 22:26:30 [notice] 1#1: start worker process 37
2024/04/04 22:26:30 [notice] 1#1: start worker process 38
2024/04/04 22:26:30 [notice] 1#1: start worker process 39
2024/04/04 22:26:30 [notice] 1#1: start worker process 40
2024/04/04 22:26:30 [notice] 1#1: start worker process 41
2024/04/04 22:26:30 [notice] 1#1: start worker process 42
2024/04/04 22:26:30 [notice] 1#1: start worker process 43
2024/04/04 22:30:27 [notice] 1#1: signal 3 (SIGQUIT) received, shutting down
2024/04/04 22:30:27 [notice] 28#28: gracefully shutting down
2024/04/04 22:30:27 [notice] 30#30: gracefully shutting down
2024/04/04 22:30:27 [notice] 31#31: gracefully shutting down
2024/04/04 22:30:27 [notice] 29#29: gracefully shutting down
2024/04/04 22:30:27 [notice] 33#33: gracefully shutting down
2024/04/04 22:30:27 [notice] 34#34: gracefully shutting down
2024/04/04 22:30:27 [notice] 32#32: gracefully shutting down
2024/04/04 22:30:27 [notice] 28#28: exiting
2024/04/04 22:30:27 [notice] 35#35: gracefully shutting down
2024/04/04 22:30:27 [notice] 36#36: gracefully shutting down
2024/04/04 22:30:27 [notice] 30#30: exiting
2024/04/04 22:30:27 [notice] 37#37: gracefully shutting down
2024/04/04 22:30:27 [notice] 31#31: exiting
2024/04/04 22:30:27 [notice] 38#38: gracefully shutting down
2024/04/04 22:30:27 [notice] 29#29: exiting
2024/04/04 22:30:27 [notice] 39#39: gracefully shutting down
2024/04/04 22:30:27 [notice] 33#33: exiting
2024/04/04 22:30:27 [notice] 40#40: gracefully shutting down
2024/04/04 22:30:27 [notice] 34#34: exiting
2024/04/04 22:30:27 [notice] 43#43: gracefully shutting down
2024/04/04 22:30:27 [notice] 32#32: exiting
2024/04/04 22:30:27 [notice] 35#35: exiting
2024/04/04 22:30:27 [notice] 36#36: exiting
2024/04/04 22:30:27 [notice] 37#37: exiting
2024/04/04 22:30:27 [notice] 28#28: exit
2024/04/04 22:30:27 [notice] 38#38: exiting
2024/04/04 22:30:27 [notice] 39#39: exiting
2024/04/04 22:30:27 [notice] 40#40: exiting
2024/04/04 22:30:27 [notice] 30#30: exit
2024/04/04 22:30:27 [notice] 43#43: exiting
2024/04/04 22:30:27 [notice] 29#29: exit
2024/04/04 22:30:27 [notice] 31#31: exit
2024/04/04 22:30:27 [notice] 33#33: exit
2024/04/04 22:30:27 [notice] 34#34: exit
2024/04/04 22:30:27 [notice] 35#35: exit
2024/04/04 22:30:27 [notice] 36#36: exit
2024/04/04 22:30:27 [notice] 32#32: exit
2024/04/04 22:30:27 [notice] 37#37: exit
2024/04/04 22:30:27 [notice] 38#38: exit
2024/04/04 22:30:27 [notice] 39#39: exit
2024/04/04 22:30:27 [notice] 40#40: exit
2024/04/04 22:30:27 [notice] 43#43: exit
2024/04/04 22:30:27 [notice] 42#42: gracefully shutting down
2024/04/04 22:30:27 [notice] 42#42: exiting
2024/04/04 22:30:27 [notice] 42#42: exit
2024/04/04 22:30:27 [notice] 41#41: gracefully shutting down
2024/04/04 22:30:27 [notice] 41#41: exiting
2024/04/04 22:30:27 [notice] 41#41: exit
2024/04/04 22:30:27 [notice] 1#1: signal 17 (SIGCHLD) received from 31
2024/04/04 22:30:27 [notice] 1#1: worker process 31 exited with code 0
2024/04/04 22:30:27 [notice] 1#1: worker process 32 exited with code 0
2024/04/04 22:30:27 [notice] 1#1: worker process 40 exited with code 0
2024/04/04 22:30:27 [notice] 1#1: worker process 41 exited with code 0
2024/04/04 22:30:27 [notice] 1#1: worker process 43 exited with code 0
2024/04/04 22:30:27 [notice] 1#1: signal 29 (SIGIO) received
2024/04/04 22:30:27 [notice] 1#1: signal 17 (SIGCHLD) received from 32
2024/04/04 22:30:27 [notice] 1#1: signal 17 (SIGCHLD) received from 37
2024/04/04 22:30:27 [notice] 1#1: worker process 37 exited with code 0
2024/04/04 22:30:27 [notice] 1#1: worker process 28 exited with code 0
2024/04/04 22:30:27 [notice] 1#1: signal 29 (SIGIO) received
2024/04/04 22:30:27 [notice] 1#1: signal 17 (SIGCHLD) received from 28
2024/04/04 22:30:27 [notice] 1#1: signal 17 (SIGCHLD) received from 33
2024/04/04 22:30:27 [notice] 1#1: worker process 33 exited with code 0
2024/04/04 22:30:27 [notice] 1#1: worker process 39 exited with code 0
2024/04/04 22:30:27 [notice] 1#1: signal 29 (SIGIO) received
2024/04/04 22:30:27 [notice] 1#1: signal 17 (SIGCHLD) received from 39
2024/04/04 22:30:27 [notice] 1#1: signal 17 (SIGCHLD) received from 38
2024/04/04 22:30:27 [notice] 1#1: worker process 36 exited with code 0
2024/04/04 22:30:27 [notice] 1#1: worker process 38 exited with code 0
2024/04/04 22:30:27 [notice] 1#1: signal 29 (SIGIO) received
2024/04/04 22:30:27 [notice] 1#1: signal 17 (SIGCHLD) received from 29
2024/04/04 22:30:27 [notice] 1#1: worker process 29 exited with code 0
2024/04/04 22:30:27 [notice] 1#1: signal 29 (SIGIO) received
2024/04/04 22:30:27 [notice] 1#1: signal 17 (SIGCHLD) received from 35
2024/04/04 22:30:27 [notice] 1#1: worker process 35 exited with code 0
2024/04/04 22:30:27 [notice] 1#1: signal 29 (SIGIO) received
2024/04/04 22:30:27 [notice] 1#1: signal 17 (SIGCHLD) received from 30
2024/04/04 22:30:27 [notice] 1#1: worker process 30 exited with code 0
2024/04/04 22:30:27 [notice] 1#1: signal 29 (SIGIO) received
2024/04/04 22:30:27 [notice] 1#1: signal 17 (SIGCHLD) received from 34
2024/04/04 22:30:27 [notice] 1#1: worker process 34 exited with code 0
2024/04/04 22:30:27 [notice] 1#1: signal 29 (SIGIO) received
2024/04/04 22:30:27 [notice] 1#1: signal 17 (SIGCHLD) received from 42
2024/04/04 22:30:27 [notice] 1#1: worker process 42 exited with code 0
2024/04/04 22:30:27 [notice] 1#1: exit
2024/04/04 22:37:51 [notice] 1#1: using the "epoll" event method
2024/04/04 22:37:51 [notice] 1#1: nginx/1.25.4
2024/04/04 22:37:51 [notice] 1#1: built by gcc 12.2.0 (Debian 12.2.0-14) 
2024/04/04 22:37:51 [notice] 1#1: OS: Linux 6.5.0-26-generic
2024/04/04 22:37:51 [notice] 1#1: getrlimit(RLIMIT_NOFILE): 1048576:1048576
2024/04/04 22:37:51 [notice] 1#1: start worker processes
2024/04/04 22:37:51 [notice] 1#1: start worker process 28
2024/04/04 22:37:51 [notice] 1#1: start worker process 29
2024/04/04 22:37:51 [notice] 1#1: start worker process 30
2024/04/04 22:37:51 [notice] 1#1: start worker process 31
2024/04/04 22:37:51 [notice] 1#1: start worker process 32
2024/04/04 22:37:51 [notice] 1#1: start worker process 33
2024/04/04 22:37:51 [notice] 1#1: start worker process 34
2024/04/04 22:37:51 [notice] 1#1: start worker process 35
2024/04/04 22:37:51 [notice] 1#1: start worker process 36
2024/04/04 22:37:51 [notice] 1#1: start worker process 37
2024/04/04 22:37:51 [notice] 1#1: start worker process 38
2024/04/04 22:37:51 [notice] 1#1: start worker process 39
2024/04/04 22:37:51 [notice] 1#1: start worker process 40
2024/04/04 22:37:51 [notice] 1#1: start worker process 41
2024/04/04 22:37:51 [notice] 1#1: start worker process 42
2024/04/04 22:37:51 [notice] 1#1: start worker process 43
2024/04/04 22:59:30 [notice] 1#1: signal 3 (SIGQUIT) received, shutting down
2024/04/04 22:59:30 [notice] 28#28: gracefully shutting down
2024/04/04 22:59:30 [notice] 29#29: gracefully shutting down
2024/04/04 22:59:30 [notice] 30#30: gracefully shutting down
2024/04/04 22:59:30 [notice] 33#33: gracefully shutting down
2024/04/04 22:59:30 [notice] 32#32: gracefully shutting down
2024/04/04 22:59:30 [notice] 34#34: gracefully shutting down
2024/04/04 22:59:30 [notice] 28#28: exiting
2024/04/04 22:59:30 [notice] 36#36: gracefully shutting down
2024/04/04 22:59:30 [notice] 31#31: gracefully shutting down
2024/04/04 22:59:30 [notice] 38#38: gracefully shutting down
2024/04/04 22:59:30 [notice] 29#29: exiting
2024/04/04 22:59:30 [notice] 37#37: gracefully shutting down
2024/04/04 22:59:30 [notice] 35#35: gracefully shutting down
2024/04/04 22:59:30 [notice] 30#30: exiting
2024/04/04 22:59:30 [notice] 33#33: exiting
2024/04/04 22:59:30 [notice] 39#39: gracefully shutting down
2024/04/04 22:59:30 [notice] 40#40: gracefully shutting down
2024/04/04 22:59:30 [notice] 32#32: exiting
2024/04/04 22:59:30 [notice] 34#34: exiting
2024/04/04 22:59:30 [notice] 36#36: exiting
2024/04/04 22:59:30 [notice] 31#31: exiting
2024/04/04 22:59:30 [notice] 38#38: exiting
2024/04/04 22:59:30 [notice] 37#37: exiting
2024/04/04 22:59:30 [notice] 35#35: exiting
2024/04/04 22:59:30 [notice] 28#28: exit
2024/04/04 22:59:30 [notice] 39#39: exiting
2024/04/04 22:59:30 [notice] 40#40: exiting
2024/04/04 22:59:30 [notice] 29#29: exit
2024/04/04 22:59:30 [notice] 30#30: exit
2024/04/04 22:59:30 [notice] 33#33: exit
2024/04/04 22:59:30 [notice] 36#36: exit
2024/04/04 22:59:30 [notice] 34#34: exit
2024/04/04 22:59:30 [notice] 31#31: exit
2024/04/04 22:59:30 [notice] 32#32: exit
2024/04/04 22:59:30 [notice] 38#38: exit
2024/04/04 22:59:30 [notice] 37#37: exit
2024/04/04 22:59:30 [notice] 40#40: exit
2024/04/04 22:59:30 [notice] 35#35: exit
2024/04/04 22:59:30 [notice] 39#39: exit
2024/04/04 22:59:30 [notice] 41#41: gracefully shutting down
2024/04/04 22:59:30 [notice] 41#41: exiting
2024/04/04 22:59:30 [notice] 41#41: exit
2024/04/04 22:59:30 [notice] 42#42: gracefully shutting down
2024/04/04 22:59:30 [notice] 42#42: exiting
2024/04/04 22:59:30 [notice] 42#42: exit
2024/04/04 22:59:30 [notice] 43#43: gracefully shutting down
2024/04/04 22:59:30 [notice] 43#43: exiting
2024/04/04 22:59:30 [notice] 43#43: exit
2024/04/04 22:59:30 [notice] 1#1: signal 17 (SIGCHLD) received from 37
2024/04/04 22:59:30 [notice] 1#1: worker process 37 exited with code 0
2024/04/04 22:59:30 [notice] 1#1: worker process 29 exited with code 0
2024/04/04 22:59:30 [notice] 1#1: worker process 30 exited with code 0
2024/04/04 22:59:30 [notice] 1#1: signal 29 (SIGIO) received
2024/04/04 22:59:30 [notice] 1#1: signal 17 (SIGCHLD) received from 30
2024/04/04 22:59:30 [notice] 1#1: signal 17 (SIGCHLD) received from 39
2024/04/04 22:59:30 [notice] 1#1: worker process 39 exited with code 0
2024/04/04 22:59:30 [notice] 1#1: signal 29 (SIGIO) received
2024/04/04 22:59:30 [notice] 1#1: signal 17 (SIGCHLD) received from 34
2024/04/04 22:59:30 [notice] 1#1: worker process 34 exited with code 0
2024/04/04 22:59:30 [notice] 1#1: signal 29 (SIGIO) received
2024/04/04 22:59:30 [notice] 1#1: signal 17 (SIGCHLD) received from 42
2024/04/04 22:59:30 [notice] 1#1: worker process 36 exited with code 0
2024/04/04 22:59:30 [notice] 1#1: worker process 42 exited with code 0
2024/04/04 22:59:30 [notice] 1#1: signal 29 (SIGIO) received
2024/04/04 22:59:30 [notice] 1#1: signal 17 (SIGCHLD) received from 38
2024/04/04 22:59:30 [notice] 1#1: worker process 38 exited with code 0
2024/04/04 22:59:30 [notice] 1#1: worker process 41 exited with code 0
2024/04/04 22:59:30 [notice] 1#1: signal 29 (SIGIO) received
2024/04/04 22:59:30 [notice] 1#1: signal 17 (SIGCHLD) received from 41
2024/04/04 22:59:30 [notice] 1#1: signal 17 (SIGCHLD) received from 33
2024/04/04 22:59:30 [notice] 1#1: worker process 28 exited with code 0
2024/04/04 22:59:30 [notice] 1#1: worker process 31 exited with code 0
2024/04/04 22:59:30 [notice] 1#1: worker process 33 exited with code 0
2024/04/04 22:59:30 [notice] 1#1: worker process 40 exited with code 0
2024/04/04 22:59:30 [notice] 1#1: signal 29 (SIGIO) received
2024/04/04 22:59:30 [notice] 1#1: signal 17 (SIGCHLD) received from 40
2024/04/04 22:59:30 [notice] 1#1: signal 17 (SIGCHLD) received from 32
2024/04/04 22:59:30 [notice] 1#1: worker process 32 exited with code 0
2024/04/04 22:59:30 [notice] 1#1: signal 29 (SIGIO) received
2024/04/04 22:59:30 [notice] 1#1: signal 17 (SIGCHLD) received from 43
2024/04/04 22:59:30 [notice] 1#1: worker process 43 exited with code 0
2024/04/04 22:59:30 [notice] 1#1: signal 17 (SIGCHLD) received from 35
2024/04/04 22:59:30 [notice] 1#1: worker process 35 exited with code 0
2024/04/04 22:59:30 [notice] 1#1: exit
2024/04/04 22:59:31 [notice] 1#1: using the "epoll" event method
2024/04/04 22:59:31 [notice] 1#1: nginx/1.25.4
2024/04/04 22:59:31 [notice] 1#1: built by gcc 12.2.0 (Debian 12.2.0-14) 
2024/04/04 22:59:31 [notice] 1#1: OS: Linux 6.5.0-26-generic
2024/04/04 22:59:31 [notice] 1#1: getrlimit(RLIMIT_NOFILE): 1048576:1048576
2024/04/04 22:59:31 [notice] 1#1: start worker processes
2024/04/04 22:59:31 [notice] 1#1: start worker process 28
2024/04/04 22:59:31 [notice] 1#1: start worker process 29
2024/04/04 22:59:31 [notice] 1#1: start worker process 30
2024/04/04 22:59:31 [notice] 1#1: start worker process 31
2024/04/04 22:59:31 [notice] 1#1: start worker process 32
2024/04/04 22:59:31 [notice] 1#1: start worker process 33
2024/04/04 22:59:31 [notice] 1#1: start worker process 34
2024/04/04 22:59:31 [notice] 1#1: start worker process 35
2024/04/04 22:59:31 [notice] 1#1: start worker process 36
2024/04/04 22:59:31 [notice] 1#1: start worker process 37
2024/04/04 22:59:31 [notice] 1#1: start worker process 38
2024/04/04 22:59:31 [notice] 1#1: start worker process 39
2024/04/04 22:59:31 [notice] 1#1: start worker process 40
2024/04/04 22:59:31 [notice] 1#1: start worker process 41
2024/04/04 22:59:31 [notice] 1#1: start worker process 42
2024/04/04 22:59:31 [notice] 1#1: start worker process 43
2024/04/04 23:02:35 [notice] 1#1: signal 3 (SIGQUIT) received, shutting down
2024/04/04 23:02:35 [notice] 30#30: gracefully shutting down
2024/04/04 23:02:35 [notice] 28#28: gracefully shutting down
2024/04/04 23:02:35 [notice] 29#29: gracefully shutting down
2024/04/04 23:02:35 [notice] 31#31: gracefully shutting down
2024/04/04 23:02:35 [notice] 34#34: gracefully shutting down
2024/04/04 23:02:35 [notice] 30#30: exiting
2024/04/04 23:02:35 [notice] 33#33: gracefully shutting down
2024/04/04 23:02:35 [notice] 35#35: gracefully shutting down
2024/04/04 23:02:35 [notice] 32#32: gracefully shutting down
2024/04/04 23:02:35 [notice] 37#37: gracefully shutting down
2024/04/04 23:02:35 [notice] 28#28: exiting
2024/04/04 23:02:35 [notice] 29#29: exiting
2024/04/04 23:02:35 [notice] 36#36: gracefully shutting down
2024/04/04 23:02:35 [notice] 31#31: exiting
2024/04/04 23:02:35 [notice] 34#34: exiting
2024/04/04 23:02:35 [notice] 38#38: gracefully shutting down
2024/04/04 23:02:35 [notice] 33#33: exiting
2024/04/04 23:02:35 [notice] 39#39: gracefully shutting down
2024/04/04 23:02:35 [notice] 35#35: exiting
2024/04/04 23:02:35 [notice] 30#30: exit
2024/04/04 23:02:35 [notice] 32#32: exiting
2024/04/04 23:02:35 [notice] 37#37: exiting
2024/04/04 23:02:35 [notice] 36#36: exiting
2024/04/04 23:02:35 [notice] 29#29: exit
2024/04/04 23:02:35 [notice] 38#38: exiting
2024/04/04 23:02:35 [notice] 28#28: exit
2024/04/04 23:02:35 [notice] 39#39: exiting
2024/04/04 23:02:35 [notice] 34#34: exit
2024/04/04 23:02:35 [notice] 31#31: exit
2024/04/04 23:02:35 [notice] 37#37: exit
2024/04/04 23:02:35 [notice] 33#33: exit
2024/04/04 23:02:35 [notice] 35#35: exit
2024/04/04 23:02:35 [notice] 40#40: gracefully shutting down
2024/04/04 23:02:35 [notice] 32#32: exit
2024/04/04 23:02:35 [notice] 36#36: exit
2024/04/04 23:02:35 [notice] 38#38: exit
2024/04/04 23:02:35 [notice] 40#40: exiting
2024/04/04 23:02:35 [notice] 39#39: exit
2024/04/04 23:02:35 [notice] 40#40: exit
2024/04/04 23:02:35 [notice] 42#42: gracefully shutting down
2024/04/04 23:02:35 [notice] 42#42: exiting
2024/04/04 23:02:35 [notice] 42#42: exit
2024/04/04 23:02:35 [notice] 43#43: gracefully shutting down
2024/04/04 23:02:35 [notice] 41#41: gracefully shutting down
2024/04/04 23:02:35 [notice] 43#43: exiting
2024/04/04 23:02:35 [notice] 41#41: exiting
2024/04/04 23:02:35 [notice] 41#41: exit
2024/04/04 23:02:35 [notice] 43#43: exit
2024/04/04 23:02:35 [notice] 1#1: signal 17 (SIGCHLD) received from 36
2024/04/04 23:02:35 [notice] 1#1: worker process 36 exited with code 0
2024/04/04 23:02:35 [notice] 1#1: signal 29 (SIGIO) received
2024/04/04 23:02:35 [notice] 1#1: signal 17 (SIGCHLD) received from 38
2024/04/04 23:02:35 [notice] 1#1: worker process 38 exited with code 0
2024/04/04 23:02:35 [notice] 1#1: signal 29 (SIGIO) received
2024/04/04 23:02:35 [notice] 1#1: signal 17 (SIGCHLD) received from 35
2024/04/04 23:02:35 [notice] 1#1: worker process 35 exited with code 0
2024/04/04 23:02:35 [notice] 1#1: signal 17 (SIGCHLD) received from 34
2024/04/04 23:02:35 [notice] 1#1: worker process 33 exited with code 0
2024/04/04 23:02:35 [notice] 1#1: worker process 34 exited with code 0
2024/04/04 23:02:35 [notice] 1#1: signal 17 (SIGCHLD) received from 33
2024/04/04 23:02:35 [notice] 1#1: signal 29 (SIGIO) received
2024/04/04 23:02:35 [notice] 1#1: signal 17 (SIGCHLD) received from 31
2024/04/04 23:02:35 [notice] 1#1: worker process 31 exited with code 0
2024/04/04 23:02:35 [notice] 1#1: signal 29 (SIGIO) received
2024/04/04 23:02:35 [notice] 1#1: signal 17 (SIGCHLD) received from 42
2024/04/04 23:02:35 [notice] 1#1: worker process 42 exited with code 0
2024/04/04 23:02:35 [notice] 1#1: signal 29 (SIGIO) received
2024/04/04 23:02:35 [notice] 1#1: signal 17 (SIGCHLD) received from 30
2024/04/04 23:02:35 [notice] 1#1: worker process 30 exited with code 0
2024/04/04 23:02:35 [notice] 1#1: signal 29 (SIGIO) received
2024/04/04 23:02:35 [notice] 1#1: signal 17 (SIGCHLD) received from 32
2024/04/04 23:02:35 [notice] 1#1: worker process 32 exited with code 0
2024/04/04 23:02:35 [notice] 1#1: signal 29 (SIGIO) received
2024/04/04 23:02:35 [notice] 1#1: signal 17 (SIGCHLD) received from 28
2024/04/04 23:02:35 [notice] 1#1: worker process 28 exited with code 0
2024/04/04 23:02:35 [notice] 1#1: signal 29 (SIGIO) received
2024/04/04 23:02:35 [notice] 1#1: signal 17 (SIGCHLD) received from 29
2024/04/04 23:02:35 [notice] 1#1: worker process 29 exited with code 0
2024/04/04 23:02:35 [notice] 1#1: worker process 37 exited with code 0
2024/04/04 23:02:35 [notice] 1#1: worker process 41 exited with code 0
2024/04/04 23:02:35 [notice] 1#1: signal 29 (SIGIO) received
2024/04/04 23:02:35 [notice] 1#1: signal 17 (SIGCHLD) received from 37
2024/04/04 23:02:35 [notice] 1#1: signal 17 (SIGCHLD) received from 43
2024/04/04 23:02:35 [notice] 1#1: worker process 40 exited with code 0
2024/04/04 23:02:35 [notice] 1#1: worker process 43 exited with code 0
2024/04/04 23:02:35 [notice] 1#1: signal 29 (SIGIO) received
2024/04/04 23:02:35 [notice] 1#1: signal 17 (SIGCHLD) received from 40
2024/04/04 23:02:35 [notice] 1#1: signal 17 (SIGCHLD) received from 39
2024/04/04 23:02:35 [notice] 1#1: worker process 39 exited with code 0
2024/04/04 23:02:35 [notice] 1#1: exit
2024/04/04 23:02:35 [notice] 1#1: using the "epoll" event method
2024/04/04 23:02:35 [notice] 1#1: nginx/1.25.4
2024/04/04 23:02:35 [notice] 1#1: built by gcc 12.2.0 (Debian 12.2.0-14) 
2024/04/04 23:02:35 [notice] 1#1: OS: Linux 6.5.0-26-generic
2024/04/04 23:02:35 [notice] 1#1: getrlimit(RLIMIT_NOFILE): 1048576:1048576
2024/04/04 23:02:35 [notice] 1#1: start worker processes
2024/04/04 23:02:35 [notice] 1#1: start worker process 28
2024/04/04 23:02:35 [notice] 1#1: start worker process 29
2024/04/04 23:02:35 [notice] 1#1: start worker process 30
2024/04/04 23:02:35 [notice] 1#1: start worker process 31
2024/04/04 23:02:35 [notice] 1#1: start worker process 32
2024/04/04 23:02:35 [notice] 1#1: start worker process 33
2024/04/04 23:02:35 [notice] 1#1: start worker process 34
2024/04/04 23:02:35 [notice] 1#1: start worker process 35
2024/04/04 23:02:35 [notice] 1#1: start worker process 36
2024/04/04 23:02:35 [notice] 1#1: start worker process 37
2024/04/04 23:02:35 [notice] 1#1: start worker process 38
2024/04/04 23:02:35 [notice] 1#1: start worker process 39
2024/04/04 23:02:35 [notice] 1#1: start worker process 40
2024/04/04 23:02:35 [notice] 1#1: start worker process 41
2024/04/04 23:02:35 [notice] 1#1: start worker process 42
2024/04/04 23:02:35 [notice] 1#1: start worker process 43
2024/04/04 23:11:00 [notice] 1#1: signal 3 (SIGQUIT) received, shutting down
2024/04/04 23:11:00 [notice] 28#28: gracefully shutting down
2024/04/04 23:11:00 [notice] 31#31: gracefully shutting down
2024/04/04 23:11:00 [notice] 32#32: gracefully shutting down
2024/04/04 23:11:00 [notice] 30#30: gracefully shutting down
2024/04/04 23:11:00 [notice] 29#29: gracefully shutting down
2024/04/04 23:11:00 [notice] 33#33: gracefully shutting down
2024/04/04 23:11:00 [notice] 34#34: gracefully shutting down
2024/04/04 23:11:00 [notice] 35#35: gracefully shutting down
2024/04/04 23:11:00 [notice] 37#37: gracefully shutting down
2024/04/04 23:11:00 [notice] 36#36: gracefully shutting down
2024/04/04 23:11:00 [notice] 39#39: gracefully shutting down
2024/04/04 23:11:00 [notice] 38#38: gracefully shutting down
2024/04/04 23:11:00 [notice] 28#28: exiting
2024/04/04 23:11:00 [notice] 31#31: exiting
2024/04/04 23:11:00 [notice] 32#32: exiting
2024/04/04 23:11:00 [notice] 30#30: exiting
2024/04/04 23:11:00 [notice] 41#41: gracefully shutting down
2024/04/04 23:11:00 [notice] 29#29: exiting
2024/04/04 23:11:00 [notice] 33#33: exiting
2024/04/04 23:11:00 [notice] 34#34: exiting
2024/04/04 23:11:00 [notice] 35#35: exiting
2024/04/04 23:11:00 [notice] 37#37: exiting
2024/04/04 23:11:00 [notice] 36#36: exiting
2024/04/04 23:11:00 [notice] 39#39: exiting
2024/04/04 23:11:00 [notice] 38#38: exiting
2024/04/04 23:11:00 [notice] 41#41: exiting
2024/04/04 23:11:00 [notice] 32#32: exit
2024/04/04 23:11:00 [notice] 31#31: exit
2024/04/04 23:11:00 [notice] 28#28: exit
2024/04/04 23:11:00 [notice] 34#34: exit
2024/04/04 23:11:00 [notice] 30#30: exit
2024/04/04 23:11:00 [notice] 33#33: exit
2024/04/04 23:11:00 [notice] 29#29: exit
2024/04/04 23:11:00 [notice] 39#39: exit
2024/04/04 23:11:00 [notice] 37#37: exit
2024/04/04 23:11:00 [notice] 35#35: exit
2024/04/04 23:11:00 [notice] 38#38: exit
2024/04/04 23:11:00 [notice] 36#36: exit
2024/04/04 23:11:00 [notice] 41#41: exit
2024/04/04 23:11:00 [notice] 43#43: gracefully shutting down
2024/04/04 23:11:00 [notice] 43#43: exiting
2024/04/04 23:11:00 [notice] 43#43: exit
2024/04/04 23:11:00 [notice] 42#42: gracefully shutting down
2024/04/04 23:11:00 [notice] 42#42: exiting
2024/04/04 23:11:00 [notice] 42#42: exit
2024/04/04 23:11:00 [notice] 40#40: gracefully shutting down
2024/04/04 23:11:00 [notice] 40#40: exiting
2024/04/04 23:11:00 [notice] 40#40: exit
2024/04/04 23:11:00 [notice] 1#1: signal 17 (SIGCHLD) received from 31
2024/04/04 23:11:00 [notice] 1#1: worker process 31 exited with code 0
2024/04/04 23:11:00 [notice] 1#1: worker process 40 exited with code 0
2024/04/04 23:11:00 [notice] 1#1: signal 29 (SIGIO) received
2024/04/04 23:11:00 [notice] 1#1: signal 17 (SIGCHLD) received from 40
2024/04/04 23:11:00 [notice] 1#1: signal 17 (SIGCHLD) received from 28
2024/04/04 23:11:00 [notice] 1#1: worker process 28 exited with code 0
2024/04/04 23:11:00 [notice] 1#1: worker process 32 exited with code 0
2024/04/04 23:11:00 [notice] 1#1: worker process 34 exited with code 0
2024/04/04 23:11:00 [notice] 1#1: worker process 43 exited with code 0
2024/04/04 23:11:00 [notice] 1#1: worker process 33 exited with code 0
2024/04/04 23:11:00 [notice] 1#1: signal 29 (SIGIO) received
2024/04/04 23:11:00 [notice] 1#1: signal 17 (SIGCHLD) received from 32
2024/04/04 23:11:00 [notice] 1#1: worker process 37 exited with code 0
2024/04/04 23:11:00 [notice] 1#1: worker process 38 exited with code 0
2024/04/04 23:11:00 [notice] 1#1: signal 29 (SIGIO) received
2024/04/04 23:11:00 [notice] 1#1: signal 17 (SIGCHLD) received from 35
2024/04/04 23:11:00 [notice] 1#1: worker process 35 exited with code 0
2024/04/04 23:11:00 [notice] 1#1: worker process 39 exited with code 0
2024/04/04 23:11:00 [notice] 1#1: signal 29 (SIGIO) received
2024/04/04 23:11:00 [notice] 1#1: signal 17 (SIGCHLD) received from 39
2024/04/04 23:11:00 [notice] 1#1: signal 17 (SIGCHLD) received from 42
2024/04/04 23:11:00 [notice] 1#1: worker process 42 exited with code 0
2024/04/04 23:11:00 [notice] 1#1: signal 29 (SIGIO) received
2024/04/04 23:11:00 [notice] 1#1: signal 17 (SIGCHLD) received from 36
2024/04/04 23:11:00 [notice] 1#1: worker process 36 exited with code 0
2024/04/04 23:11:00 [notice] 1#1: worker process 29 exited with code 0
2024/04/04 23:11:00 [notice] 1#1: worker process 30 exited with code 0
2024/04/04 23:11:00 [notice] 1#1: signal 29 (SIGIO) received
2024/04/04 23:11:00 [notice] 1#1: signal 17 (SIGCHLD) received from 30
2024/04/04 23:11:00 [notice] 1#1: signal 17 (SIGCHLD) received from 41
2024/04/04 23:11:00 [notice] 1#1: worker process 41 exited with code 0
2024/04/04 23:11:00 [notice] 1#1: exit
2024/04/04 23:11:01 [notice] 1#1: using the "epoll" event method
2024/04/04 23:11:01 [notice] 1#1: nginx/1.25.4
2024/04/04 23:11:01 [notice] 1#1: built by gcc 12.2.0 (Debian 12.2.0-14) 
2024/04/04 23:11:01 [notice] 1#1: OS: Linux 6.5.0-26-generic
2024/04/04 23:11:01 [notice] 1#1: getrlimit(RLIMIT_NOFILE): 1048576:1048576
2024/04/04 23:11:01 [notice] 1#1: start worker processes
2024/04/04 23:11:01 [notice] 1#1: start worker process 28
2024/04/04 23:11:01 [notice] 1#1: start worker process 29
2024/04/04 23:11:01 [notice] 1#1: start worker process 30
2024/04/04 23:11:01 [notice] 1#1: start worker process 31
2024/04/04 23:11:01 [notice] 1#1: start worker process 32
2024/04/04 23:11:01 [notice] 1#1: start worker process 33
2024/04/04 23:11:01 [notice] 1#1: start worker process 34
2024/04/04 23:11:01 [notice] 1#1: start worker process 35
2024/04/04 23:11:01 [notice] 1#1: start worker process 36
2024/04/04 23:11:01 [notice] 1#1: start worker process 37
2024/04/04 23:11:01 [notice] 1#1: start worker process 38
2024/04/04 23:11:01 [notice] 1#1: start worker process 39
2024/04/04 23:11:01 [notice] 1#1: start worker process 40
2024/04/04 23:11:01 [notice] 1#1: start worker process 41
2024/04/04 23:11:01 [notice] 1#1: start worker process 42
2024/04/04 23:11:01 [notice] 1#1: start worker process 43
2024/04/05 11:06:21 [notice] 1#1: using the "epoll" event method
2024/04/05 11:06:21 [notice] 1#1: nginx/1.25.4
2024/04/05 11:06:21 [notice] 1#1: built by gcc 12.2.0 (Debian 12.2.0-14) 
2024/04/05 11:06:21 [notice] 1#1: OS: Linux 6.5.0-26-generic
2024/04/05 11:06:21 [notice] 1#1: getrlimit(RLIMIT_NOFILE): 1048576:1048576
2024/04/05 11:06:21 [notice] 1#1: start worker processes
2024/04/05 11:06:21 [notice] 1#1: start worker process 28
2024/04/05 11:06:21 [notice] 1#1: start worker process 29
2024/04/05 11:06:21 [notice] 1#1: start worker process 30
2024/04/05 11:06:21 [notice] 1#1: start worker process 31
2024/04/05 11:06:21 [notice] 1#1: start worker process 32
2024/04/05 11:06:21 [notice] 1#1: start worker process 33
2024/04/05 11:06:21 [notice] 1#1: start worker process 34
2024/04/05 11:06:21 [notice] 1#1: start worker process 35
2024/04/05 11:06:21 [notice] 1#1: start worker process 36
2024/04/05 11:06:21 [notice] 1#1: start worker process 37
2024/04/05 11:06:21 [notice] 1#1: start worker process 38
2024/04/05 11:06:21 [notice] 1#1: start worker process 39
2024/04/05 11:06:21 [notice] 1#1: start worker process 40
2024/04/05 11:06:21 [notice] 1#1: start worker process 41
2024/04/05 11:06:21 [notice] 1#1: start worker process 42
2024/04/05 11:06:21 [notice] 1#1: start worker process 43
